{"/Users/anishanan/Stadium/frontend/src/components/AIRecommendationCard.tsx": {"path":"/Users/anishanan/Stadium/frontend/src/components/AIRecommendationCard.tsx","statementMap":{"0":{"start":{"line":22,"column":44},"end":{"line":22,"column":null}},"1":{"start":{"line":23,"column":50},"end":{"line":23,"column":null}},"2":{"start":{"line":25,"column":2},"end":{"line":39,"column":null}},"3":{"start":{"line":26,"column":4},"end":{"line":37,"column":null}},"4":{"start":{"line":41,"column":2},"end":{"line":56,"column":null}},"5":{"start":{"line":42,"column":4},"end":{"line":54,"column":null}},"6":{"start":{"line":58,"column":14},"end":{"line":58,"column":null}},"7":{"start":{"line":60,"column":2},"end":{"line":191,"column":null}},"8":{"start":{"line":105,"column":23},"end":{"line":105,"column":null}},"9":{"start":{"line":130,"column":14},"end":{"line":138,"column":null}},"10":{"start":{"line":148,"column":27},"end":{"line":148,"column":null}},"11":{"start":{"line":168,"column":18},"end":{"line":184,"column":null}}},"fnMap":{"0":{"name":"AIRecommendationCard","decl":{"start":{"line":17,"column":16},"end":{"line":17,"column":37}},"loc":{"start":{"line":21,"column":30},"end":{"line":193,"column":null}},"line":21},"1":{"name":"(anonymous_1)","decl":{"start":{"line":105,"column":8},"end":{"line":105,"column":23}},"loc":{"start":{"line":105,"column":23},"end":{"line":105,"column":null}},"line":105},"2":{"name":"(anonymous_2)","decl":{"start":{"line":129,"column":34},"end":{"line":129,"column":39}},"loc":{"start":{"line":130,"column":14},"end":{"line":138,"column":null}},"line":130},"3":{"name":"(anonymous_3)","decl":{"start":{"line":133,"column":16},"end":{"line":133,"column":31}},"loc":{"start":{"line":133,"column":31},"end":{"line":135,"column":null}},"line":133},"4":{"name":"(anonymous_4)","decl":{"start":{"line":148,"column":12},"end":{"line":148,"column":27}},"loc":{"start":{"line":148,"column":27},"end":{"line":148,"column":null}},"line":148},"5":{"name":"(anonymous_5)","decl":{"start":{"line":166,"column":54},"end":{"line":166,"column":null}},"loc":{"start":{"line":168,"column":18},"end":{"line":184,"column":null}},"line":168}},"branchMap":{"0":{"loc":{"start":{"line":19,"column":2},"end":{"line":19,"column":null}},"type":"default-arg","locations":[{"start":{"line":19,"column":12},"end":{"line":19,"column":null}}],"line":19},"1":{"loc":{"start":{"line":20,"column":2},"end":{"line":20,"column":null}},"type":"default-arg","locations":[{"start":{"line":20,"column":14},"end":{"line":20,"column":null}}],"line":20},"2":{"loc":{"start":{"line":25,"column":2},"end":{"line":39,"column":null}},"type":"if","locations":[{"start":{"line":25,"column":2},"end":{"line":39,"column":null}},{"start":{},"end":{}}],"line":25},"3":{"loc":{"start":{"line":41,"column":2},"end":{"line":56,"column":null}},"type":"if","locations":[{"start":{"line":41,"column":2},"end":{"line":56,"column":null}},{"start":{},"end":{}}],"line":41},"4":{"loc":{"start":{"line":62,"column":35},"end":{"line":62,"column":null}},"type":"cond-expr","locations":[{"start":{"line":62,"column":65},"end":{"line":62,"column":92}},{"start":{"line":62,"column":92},"end":{"line":62,"column":null}}],"line":62},"5":{"loc":{"start":{"line":74,"column":11},"end":{"line":79,"column":null}},"type":"binary-expr","locations":[{"start":{"line":74,"column":11},"end":{"line":74,"column":null}},{"start":{"line":75,"column":12},"end":{"line":79,"column":null}}],"line":74},"6":{"loc":{"start":{"line":110,"column":9},"end":{"line":110,"column":null}},"type":"cond-expr","locations":[{"start":{"line":110,"column":25},"end":{"line":110,"column":52}},{"start":{"line":110,"column":51},"end":{"line":110,"column":null}}],"line":110},"7":{"loc":{"start":{"line":113,"column":7},"end":{"line":119,"column":null}},"type":"binary-expr","locations":[{"start":{"line":113,"column":7},"end":{"line":113,"column":null}},{"start":{"line":114,"column":8},"end":{"line":119,"column":null}}],"line":113},"8":{"loc":{"start":{"line":123,"column":7},"end":{"line":141,"column":null}},"type":"binary-expr","locations":[{"start":{"line":123,"column":7},"end":{"line":123,"column":null}},{"start":{"line":124,"column":8},"end":{"line":141,"column":null}}],"line":123},"9":{"loc":{"start":{"line":145,"column":7},"end":{"line":189,"column":null}},"type":"binary-expr","locations":[{"start":{"line":145,"column":7},"end":{"line":145,"column":null}},{"start":{"line":146,"column":8},"end":{"line":189,"column":null}}],"line":145},"10":{"loc":{"start":{"line":153,"column":13},"end":{"line":156,"column":null}},"type":"cond-expr","locations":[{"start":{"line":154,"column":14},"end":{"line":156,"column":15}},{"start":{"line":156,"column":14},"end":{"line":156,"column":null}}],"line":153},"11":{"loc":{"start":{"line":161,"column":11},"end":{"line":189,"column":null}},"type":"binary-expr","locations":[{"start":{"line":161,"column":11},"end":{"line":161,"column":null}},{"start":{"line":162,"column":12},"end":{"line":189,"column":null}}],"line":161},"12":{"loc":{"start":{"line":173,"column":23},"end":{"line":173,"column":66}},"type":"binary-expr","locations":[{"start":{"line":173,"column":23},"end":{"line":173,"column":47}},{"start":{"line":173,"column":47},"end":{"line":173,"column":66}}],"line":173},"13":{"loc":{"start":{"line":179,"column":24},"end":{"line":179,"column":null}},"type":"cond-expr","locations":[{"start":{"line":179,"column":66},"end":{"line":179,"column":74}},{"start":{"line":179,"column":74},"end":{"line":179,"column":null}}],"line":179}},"s":{"0":7,"1":7,"2":7,"3":1,"4":6,"5":1,"6":5,"7":5,"8":1,"9":3,"10":2,"11":5},"f":{"0":7,"1":1,"2":3,"3":1,"4":2,"5":5},"b":{"0":[7],"1":[7],"2":[1,6],"3":[1,5],"4":[2,3],"5":[7,2],"6":[1,4],"7":[7,1],"8":[7,3],"9":[7,5],"10":[3,2],"11":[5,3],"12":[5,1],"13":[2,3]},"meta":{"lastBranch":14,"lastFunction":6,"lastStatement":12,"seen":{"f:17:16:17:37":0,"b:19:12:19:Infinity":0,"b:20:14:20:Infinity":1,"s:22:44:22:Infinity":0,"s:23:50:23:Infinity":1,"b:25:2:39:Infinity:undefined:undefined:undefined:undefined":2,"s:25:2:39:Infinity":2,"s:26:4:37:Infinity":3,"b:41:2:56:Infinity:undefined:undefined:undefined:undefined":3,"s:41:2:56:Infinity":4,"s:42:4:54:Infinity":5,"s:58:14:58:Infinity":6,"s:60:2:191:Infinity":7,"b:62:65:62:92:62:92:62:Infinity":4,"b:74:11:74:Infinity:75:12:79:Infinity":5,"f:105:8:105:23":1,"s:105:23:105:Infinity":8,"b:110:25:110:52:110:51:110:Infinity":6,"b:113:7:113:Infinity:114:8:119:Infinity":7,"b:123:7:123:Infinity:124:8:141:Infinity":8,"f:129:34:129:39":2,"s:130:14:138:Infinity":9,"f:133:16:133:31":3,"b:145:7:145:Infinity:146:8:189:Infinity":9,"f:148:12:148:27":4,"s:148:27:148:Infinity":10,"b:154:14:156:15:156:14:156:Infinity":10,"b:161:11:161:Infinity:162:12:189:Infinity":11,"f:166:54:166:Infinity":5,"s:168:18:184:Infinity":11,"b:173:23:173:47:173:47:173:66":12,"b:179:66:179:74:179:74:179:Infinity":13},"fnNames":{}}}
,"/Users/anishanan/Stadium/frontend/src/components/SeverityBadge.tsx": {"path":"/Users/anishanan/Stadium/frontend/src/components/SeverityBadge.tsx","statementMap":{"0":{"start":{"line":17,"column":4},"end":{"line":22,"column":null}},"1":{"start":{"line":28,"column":17},"end":{"line":28,"column":null}},"2":{"start":{"line":29,"column":15},"end":{"line":29,"column":null}},"3":{"start":{"line":31,"column":2},"end":{"line":39,"column":null}}},"fnMap":{"0":{"name":"SeverityBadge","decl":{"start":{"line":24,"column":16},"end":{"line":24,"column":30}},"loc":{"start":{"line":27,"column":23},"end":{"line":41,"column":null}},"line":27}},"branchMap":{"0":{"loc":{"start":{"line":26,"column":2},"end":{"line":26,"column":null}},"type":"default-arg","locations":[{"start":{"line":26,"column":14},"end":{"line":26,"column":null}}],"line":26}},"s":{"0":4,"1":14,"2":14,"3":14},"f":{"0":14},"b":{"0":[14]},"meta":{"lastBranch":1,"lastFunction":1,"lastStatement":4,"seen":{"s:17:4:22:Infinity":0,"f:24:16:24:30":0,"b:26:14:26:Infinity":0,"s:28:17:28:Infinity":1,"s:29:15:29:Infinity":2,"s:31:2:39:Infinity":3},"fnNames":{}}}
,"/Users/anishanan/Stadium/frontend/src/components/SkeletonLoader.tsx": {"path":"/Users/anishanan/Stadium/frontend/src/components/SkeletonLoader.tsx","statementMap":{"0":{"start":{"line":19,"column":2},"end":{"line":25,"column":null}},"1":{"start":{"line":31,"column":2},"end":{"line":39,"column":null}}},"fnMap":{"0":{"name":"Skeleton","decl":{"start":{"line":13,"column":16},"end":{"line":13,"column":25}},"loc":{"start":{"line":18,"column":18},"end":{"line":27,"column":null}},"line":18},"1":{"name":"SkeletonCard","decl":{"start":{"line":30,"column":16},"end":{"line":30,"column":29}},"loc":{"start":{"line":30,"column":73},"end":{"line":41,"column":null}},"line":30}},"branchMap":{"0":{"loc":{"start":{"line":14,"column":2},"end":{"line":14,"column":null}},"type":"default-arg","locations":[{"start":{"line":14,"column":10},"end":{"line":14,"column":null}}],"line":14},"1":{"loc":{"start":{"line":15,"column":2},"end":{"line":15,"column":null}},"type":"default-arg","locations":[{"start":{"line":15,"column":11},"end":{"line":15,"column":null}}],"line":15},"2":{"loc":{"start":{"line":16,"column":2},"end":{"line":16,"column":null}},"type":"default-arg","locations":[{"start":{"line":16,"column":14},"end":{"line":16,"column":null}}],"line":16},"3":{"loc":{"start":{"line":17,"column":2},"end":{"line":17,"column":null}},"type":"default-arg","locations":[{"start":{"line":17,"column":12},"end":{"line":17,"column":null}}],"line":17},"4":{"loc":{"start":{"line":21,"column":29},"end":{"line":21,"column":60}},"type":"cond-expr","locations":[{"start":{"line":21,"column":39},"end":{"line":21,"column":57}},{"start":{"line":21,"column":57},"end":{"line":21,"column":60}}],"line":21},"5":{"loc":{"start":{"line":30,"column":31},"end":{"line":30,"column":73}},"type":"default-arg","locations":[{"start":{"line":30,"column":43},"end":{"line":30,"column":73}}],"line":30}},"s":{"0":6,"1":1},"f":{"0":6,"1":1},"b":{"0":[6],"1":[6],"2":[6],"3":[6],"4":[1,5],"5":[1]},"meta":{"lastBranch":6,"lastFunction":2,"lastStatement":2,"seen":{"f:13:16:13:25":0,"b:14:10:14:Infinity":0,"b:15:11:15:Infinity":1,"b:16:14:16:Infinity":2,"b:17:12:17:Infinity":3,"s:19:2:25:Infinity":0,"b:21:39:21:57:21:57:21:60":4,"f:30:16:30:29":1,"b:30:43:30:73":5,"s:31:2:39:Infinity":1},"fnNames":{}}}
,"/Users/anishanan/Stadium/frontend/src/data/constants.ts": {"path":"/Users/anishanan/Stadium/frontend/src/data/constants.ts","statementMap":{"0":{"start":{"line":33,"column":38},"end":{"line":61,"column":null}},"1":{"start":{"line":68,"column":2},"end":{"line":74,"column":null}},"2":{"start":{"line":80,"column":52},"end":{"line":109,"column":null}},"3":{"start":{"line":115,"column":38},"end":{"line":136,"column":null}},"4":{"start":{"line":142,"column":33},"end":{"line":148,"column":null}},"5":{"start":{"line":154,"column":33},"end":{"line":190,"column":null}},"6":{"start":{"line":196,"column":54},"end":{"line":211,"column":null}}},"fnMap":{},"branchMap":{},"s":{"0":3,"1":3,"2":3,"3":3,"4":3,"5":3,"6":3},"f":{},"b":{},"meta":{"lastBranch":0,"lastFunction":0,"lastStatement":7,"seen":{"s:33:38:61:Infinity":0,"s:68:2:74:Infinity":1,"s:80:52:109:Infinity":2,"s:115:38:136:Infinity":3,"s:142:33:148:Infinity":4,"s:154:33:190:Infinity":5,"s:196:54:211:Infinity":6},"fnNames":{}}}
,"/Users/anishanan/Stadium/frontend/src/pages/HeroPage.tsx": {"path":"/Users/anishanan/Stadium/frontend/src/pages/HeroPage.tsx","statementMap":{"0":{"start":{"line":32,"column":49},"end":{"line":37,"column":null}},"1":{"start":{"line":39,"column":49},"end":{"line":45,"column":null}},"2":{"start":{"line":48,"column":19},"end":{"line":48,"column":31}},"3":{"start":{"line":50,"column":2},"end":{"line":388,"column":null}},"4":{"start":{"line":88,"column":14},"end":{"line":96,"column":null}},"5":{"start":{"line":135,"column":29},"end":{"line":135,"column":null}},"6":{"start":{"line":163,"column":12},"end":{"line":182,"column":null}},"7":{"start":{"line":204,"column":27},"end":{"line":204,"column":null}},"8":{"start":{"line":205,"column":14},"end":{"line":222,"column":null}},"9":{"start":{"line":314,"column":25},"end":{"line":314,"column":null}},"10":{"start":{"line":315,"column":12},"end":{"line":322,"column":null}},"11":{"start":{"line":344,"column":14},"end":{"line":370,"column":null}}},"fnMap":{"0":{"name":"HeroPage","decl":{"start":{"line":47,"column":16},"end":{"line":47,"column":27}},"loc":{"start":{"line":47,"column":27},"end":{"line":390,"column":null}},"line":47},"1":{"name":"(anonymous_1)","decl":{"start":{"line":87,"column":50},"end":{"line":87,"column":55}},"loc":{"start":{"line":88,"column":14},"end":{"line":96,"column":null}},"line":88},"2":{"name":"(anonymous_2)","decl":{"start":{"line":135,"column":14},"end":{"line":135,"column":29}},"loc":{"start":{"line":135,"column":29},"end":{"line":135,"column":null}},"line":135},"3":{"name":"(anonymous_3)","decl":{"start":{"line":162,"column":22},"end":{"line":162,"column":27}},"loc":{"start":{"line":163,"column":12},"end":{"line":182,"column":null}},"line":163},"4":{"name":"(anonymous_4)","decl":{"start":{"line":203,"column":32},"end":{"line":203,"column":37}},"loc":{"start":{"line":203,"column":62},"end":{"line":224,"column":13}},"line":203},"5":{"name":"(anonymous_5)","decl":{"start":{"line":313,"column":29},"end":{"line":313,"column":34}},"loc":{"start":{"line":313,"column":77},"end":{"line":324,"column":11}},"line":313},"6":{"name":"(anonymous_6)","decl":{"start":{"line":343,"column":21},"end":{"line":343,"column":26}},"loc":{"start":{"line":344,"column":14},"end":{"line":370,"column":null}},"line":344}},"branchMap":{"0":{"loc":{"start":{"line":176,"column":17},"end":{"line":181,"column":null}},"type":"binary-expr","locations":[{"start":{"line":176,"column":17},"end":{"line":176,"column":null}},{"start":{"line":177,"column":18},"end":{"line":181,"column":null}}],"line":176},"1":{"loc":{"start":{"line":204,"column":27},"end":{"line":204,"column":null}},"type":"binary-expr","locations":[{"start":{"line":204,"column":27},"end":{"line":204,"column":52}},{"start":{"line":204,"column":52},"end":{"line":204,"column":null}}],"line":204},"2":{"loc":{"start":{"line":314,"column":25},"end":{"line":314,"column":null}},"type":"binary-expr","locations":[{"start":{"line":314,"column":25},"end":{"line":314,"column":51}},{"start":{"line":314,"column":51},"end":{"line":314,"column":null}}],"line":314},"3":{"loc":{"start":{"line":355,"column":17},"end":{"line":368,"column":null}},"type":"binary-expr","locations":[{"start":{"line":355,"column":17},"end":{"line":355,"column":null}},{"start":{"line":356,"column":18},"end":{"line":368,"column":null}}],"line":355}},"s":{"0":2,"1":2,"2":5,"3":5,"4":40,"5":1,"6":20,"7":20,"8":20,"9":25,"10":25,"11":30},"f":{"0":5,"1":40,"2":1,"3":20,"4":20,"5":25,"6":30},"b":{"0":[20,15],"1":[20,0],"2":[25,0],"3":[30,0]},"meta":{"lastBranch":4,"lastFunction":7,"lastStatement":12,"seen":{"s:32:49:37:Infinity":0,"s:39:49:45:Infinity":1,"f:47:16:47:27":0,"s:48:19:48:31":2,"s:50:2:388:Infinity":3,"f:87:50:87:55":1,"s:88:14:96:Infinity":4,"f:135:14:135:29":2,"s:135:29:135:Infinity":5,"f:162:22:162:27":3,"s:163:12:182:Infinity":6,"b:176:17:176:Infinity:177:18:181:Infinity":0,"f:203:32:203:37":4,"s:204:27:204:Infinity":7,"b:204:27:204:52:204:52:204:Infinity":1,"s:205:14:222:Infinity":8,"f:313:29:313:34":5,"s:314:25:314:Infinity":9,"b:314:25:314:51:314:51:314:Infinity":2,"s:315:12:322:Infinity":10,"f:343:21:343:26":6,"s:344:14:370:Infinity":11,"b:355:17:355:Infinity:356:18:368:Infinity":3},"fnNames":{}}}
}
